2023-07-31 19:03:00 ICT Initiating Progress Report for the Build operation
2023-07-31 19:03:00 ICT Starting deployer build for project migration912to105
2023-07-31 19:03:00 ICT Completed generating Progress Report for the Build operation.
2023-07-31 19:21:32 ICT Initiating Progress Report for the Build operation
2023-07-31 19:21:32 ICT Starting deployer build for project migration912to105
2023-07-31 19:21:32 ICT Completed generating Progress Report for the Build operation.
2023-07-31 19:22:21 ICT Initiating Progress Report for the Build operation
2023-07-31 19:22:21 ICT Starting deployer build for project migration912to105
2023-07-31 19:22:21 ICT Completed generating Progress Report for the Build operation.
2023-07-31 19:23:55 ICT Initiating Progress Report for the Build operation
2023-07-31 19:23:55 ICT Starting deployer build for project migration912to105
2023-07-31 19:23:55 ICT Processing IS source server localhost1015
2023-07-31 19:23:55 ICT Initiating add operation on package Acme to the build
2023-07-31 19:23:56 ICT Done with the add operation on package Acme to the build
2023-07-31 19:23:56 ICT Initiating add operation on package Conn to the build
2023-07-31 19:23:56 ICT Done with the add operation on package Conn to the build
2023-07-31 19:23:56 ICT Initiating add operation on acls Default
2023-07-31 19:23:56 ICT Done with the add operation on acls Default
2023-07-31 19:23:56 ICT Completed processing IS source server localhost1015
2023-07-31 19:23:56 ICT Completed generating Progress Report for the Build operation.
