2023-11-17 20:03:44 ICT [DEP.0005.1176] Initiating the progress report for the deploy operation.
2023-11-17 20:03:45 ICT [DEP.0008.0011] Initiating the progress report for the checkpoint operation.
2023-11-17 20:03:45 ICT [DEP.0008.0017] Deleting previously generated checkpoints for deployment candidate ISABEProjectAutomatorCandidate.
2023-11-17 20:03:45 ICT [DEP.0008.0019] Deleting checkpoints previously generated for local.
2023-11-17 20:03:45 ICT [DEP.0008.0020] Successfully deleted checkpoints generated for local.
2023-11-17 20:03:45 ICT [DEP.0008.0014] Generating checkpoint at local.
2023-11-17 20:03:46 ICT [DEP.0008.0016] Successfully generated checkpoint for target server local.
2023-11-17 20:03:46 ICT [DEP.0008.0012] Completing the progress report for the checkpoint operation.
2023-11-17 20:03:46 ICT [DEP.0005.1163] Starting deliver operation for deployment candidate ISABEProjectAutomatorCandidate.
2023-11-17 20:03:46 ICT [DEP.0005.1165] Deleting previously delivered artifacts.
2023-11-17 20:03:46 ICT [DEP.0005.1169] Deleting artifacts previously delivered to local.
2023-11-17 20:03:46 ICT [DEP.0005.1170] Deleted artifacts previously delivered to local successfully.
2023-11-17 20:03:46 ICT [DEP.0005.1159] Delivering artifacts to local.
2023-11-17 20:03:46 ICT [DEP.0005.1202] Successfully delivered Maxis_EAI_Process_Contact to local.
2023-11-17 20:03:46 ICT [DEP.0005.1162] Finished delivering artifacts to local.
2023-11-17 20:03:46 ICT [DEP.0005.1160] Artifacts delivered successfully for deployment candidate ISABEProjectAutomatorCandidate.
2023-11-17 20:03:46 ICT [DEP.0005.1207] Starting delete assets operation for deployment candidate ISABEProjectAutomatorCandidate.
2023-11-17 20:03:46 ICT [DEP.0005.1209] Deleting assets.
2023-11-17 20:03:46 ICT [DEP.0005.1208] Assets deleted successfully for deployment candidate ISABEProjectAutomatorCandidate.
2023-11-17 20:03:46 ICT [DEP.0005.1171] Starting activate operation for ISABEProjectAutomatorCandidate.
2023-11-17 20:03:46 ICT [DEP.0005.1174] Starting activate operation for local.
2023-11-17 20:03:46 ICT [DEP.0005.1175] Activated the deployment on local successfully.
2023-11-17 20:03:46 ICT [DEP.0005.1172] Completed activate operation for ISABEProjectAutomatorCandidate.
2023-11-17 20:03:46 ICT [DEP.0005.1177] Completing the progress report for the deploy operation.
