2023-07-31 19:38:16 ICT Initiating Progress Report for the Checkpoint operation
2023-07-31 19:38:16 ICT Starting deployer checkpoint for project for deployment myDeployment
2023-07-31 19:38:16 ICT Completed deployer checkpoint for project for deployment myDeployment
2023-07-31 19:38:16 ICT Completed generating Progress Report for the Checkpoint operation.
2023-07-31 19:38:19 ICT Initiating the Progress Report for Simulate operation.
2023-07-31 19:38:19 ICT Starting simulate of myDeployment
2023-07-31 19:38:20 ICT Processing deployment set myDeploymentSet
2023-07-31 19:38:20 ICT Processing deployment to target server localhost1015
2023-07-31 19:38:20 ICT Completed processing deployment to target server localhost1015
2023-07-31 19:38:20 ICT Completed processing deployment set myDeploymentSet
2023-07-31 19:38:20 ICT Completed simulate of myDeployment
2023-07-31 19:38:20 ICT Completed generating Progress Report for the Simulate operation.
2023-07-31 19:39:32 ICT Initiating the Progress Report for Deploy operation.
2023-07-31 19:39:32 ICT Starting deployment of myDeployment
2023-07-31 19:39:32 ICT Processing deployment set myDeploymentSet
2023-07-31 19:39:32 ICT Processing deployment to target server localhost1015
2023-07-31 19:39:32 ICT Completed processing deployment to target server localhost1015
2023-07-31 19:39:32 ICT Completed processing deployment set myDeploymentSet
2023-07-31 19:39:32 ICT Completed deployment of myDeployment
2023-07-31 19:39:32 ICT Completed generating Progress Report for the Deploy operation.
